<3>kyoscand: server is listening for connections at port 37100
<4>kyoscand: client connected from 192.168.1.8:1063
<5>kyoscand: sent pc2kyo_data_0
<5>kyoscand: con_block_read received 6
<5>kyoscand: kyo2pc 0000:34 00 00 02 00 00  4....
<5>kyoscand: sent pc2kyo_data_1
<5>kyoscand: con_block_read received 540
<5>kyoscand: kyo2pc 0000:34 02 00 01 00 08 00 10 6B 79 6F 73 63 61 6E 00  4.......kyoscan
<5>kyoscand: kyo2pc 0010:4E 53 4E 5F 53 4B 41 4E 3A 6B 79 6F 73 63 61 6E  NSN_SKAN:kyosca
<5>kyoscand: kyo2pc 0020:00 00 00 00 00 00 00 00 00 00 00 00 00 00 00 00  ...............
<5>kyoscand: kyo2pc 0030:00 00 00 00 00 00 00 00 00 00 00 00 00 00 00 00  ...............
<5>kyoscand: kyo2pc 0040:00 00 00 00 00 00 00 00 00 00 00 00 00 00 00 00  ...............
<5>kyoscand: kyo2pc 0050:00 00 00 00 00 00 00 00 00 00 00 00 00 00 00 00  ...............
<5>kyoscand: kyo2pc 0060:00 00 00 00 00 00 00 00 00 00 00 00 00 00 00 00  ...............
<5>kyoscand: kyo2pc 0070:00 00 00 00 00 00 00 00 00 00 00 00 00 00 00 00  ...............
<5>kyoscand: kyo2pc 0080:00 00 00 00 00 00 00 00 00 00 00 00 00 00 00 00  ...............
<5>kyoscand: kyo2pc 0090:00 00 00 00 00 00 00 00 00 00 00 00 00 00 00 00  ...............
<5>kyoscand: kyo2pc 00a0:00 00 00 00 00 00 00 00 00 00 00 00 00 00 00 00  ...............
<5>kyoscand: kyo2pc 00b0:00 00 00 00 00 00 00 00 00 00 00 00 00 00 00 00  ...............
<5>kyoscand: kyo2pc 00c0:00 00 00 00 00 00 00 00 00 00 00 00 00 00 00 00  ...............
<5>kyoscand: kyo2pc 00d0:00 00 00 00 00 00 00 00 00 00 00 00 00 00 00 00  ...............
<5>kyoscand: kyo2pc 00e0:00 00 00 00 00 00 00 00 00 00 00 00 00 00 00 00  ...............
<5>kyoscand: kyo2pc 00f0:00 00 00 00 00 00 00 00 00 00 00 00 00 00 00 00  ...............
<5>kyoscand: kyo2pc 0100:00 00 00 00 00 00 00 00 00 00 00 00 00 00 00 00  ...............
<5>kyoscand: kyo2pc 0110:00 00 00 00 00 00 00 00 00 00 00 00 00 00 00 00  ...............
<5>kyoscand: kyo2pc 0120:00 00 00 00 00 00 00 00 00 00 00 00 00 00 00 00  ...............
<5>kyoscand: kyo2pc 0130:00 00 00 00 00 00 00 00 00 00 00 00 00 00 00 00  ...............
<5>kyoscand: kyo2pc 0140:00 00 00 00 00 00 00 00 00 00 00 00 00 00 00 00  ...............
<5>kyoscand: kyo2pc 0150:00 00 00 00 00 00 00 00 00 00 00 00 00 00 00 00  ...............
<5>kyoscand: kyo2pc 0160:00 00 00 00 00 00 00 00 00 00 00 00 00 00 00 00  ...............
<5>kyoscand: kyo2pc 0170:00 00 00 00 00 00 00 00 00 00 00 00 00 00 00 00  ...............
<5>kyoscand: kyo2pc 0180:00 00 00 00 00 00 00 00 00 00 00 00 00 00 00 00  ...............
<5>kyoscand: kyo2pc 0190:00 00 00 00 00 00 00 00 00 00 00 00 00 00 00 00  ...............
<5>kyoscand: kyo2pc 01a0:00 00 00 00 00 00 00 00 00 00 00 00 00 00 00 00  ...............
<5>kyoscand: kyo2pc 01b0:00 00 00 00 00 00 00 00 00 00 00 00 00 00 00 00  ...............
<5>kyoscand: kyo2pc 01c0:00 00 00 00 00 00 00 00 00 00 00 00 00 00 00 00  ...............
<5>kyoscand: kyo2pc 01d0:00 00 00 00 00 00 00 00 00 00 00 00 00 00 00 00  ...............
<5>kyoscand: kyo2pc 01e0:00 00 00 00 00 00 00 00 00 00 00 00 00 00 00 00  ...............
<5>kyoscand: kyo2pc 01f0:00 00 00 00 00 00 00 00 00 00 00 00 00 00 00 00  ...............
<5>kyoscand: kyo2pc 0200:00 00 00 00 00 00 00 00 00 00 00 00 00 00 00 00  ...............
<5>kyoscand: kyo2pc 0210:00 00 00 00 00 00 00 00 00 00 00 00  ...........
<5>kyoscand: selected destination 1
<5>kyoscand: sent pc2kyo_data_2
<5>kyoscand: con_block_read received 84
<5>kyoscand: kyo2pc 0000:30 01 00 01 00 00 FF FF FF FF 00 00 00 00 00 00  0..............
<5>kyoscand: kyo2pc 0010:00 00 00 00 00 00 00 00 00 00 00 00 00 00 00 00  ...............
<5>kyoscand: kyo2pc 0020:00 00 00 24 53 43 41 4E 30 30 34 31 5F 30 30 30  ...$SCAN0041_00
<5>kyoscand: kyo2pc 0030:2E 74 69 66 00 00 00 00 00 00 00 00 00 00 00 00  .tif...........
<5>kyoscand: kyo2pc 0040:00 00 00 00 00 00 00 00 00 00 00 00 00 00 00 00  ...............
<5>kyoscand: kyo2pc 0050:00 00 00 00  ...
<5>kyoscand: image data start
<4>kyoscand: receiving file /home/common/kyoscan/001/SCAN0041_000.tif
<5>kyoscand: con_block_read received 24576
<5>kyoscand: con_block_read received 24576
<5>kyoscand: con_block_read received 14691
<5>kyoscand: con_block_read received 4
<5>kyoscand: kyo2pc 0000:30 02 00 00  0..
<5>kyoscand: image data end
<5>kyoscand: con_block_read received 4
<5>kyoscand: kyo2pc 0000:30 05 99 0D  0..
<5>kyoscand: sent pc2kyo_data_3
<5>kyoscand: con_block_read received 4
<5>kyoscand: kyo2pc 0000:30 03 00 00  0..
<5>kyoscand: sent pc2kyo_data_4
<4>kyoscand: communication finished
<3>kyoscand: kyoscan transfer finished with 0 result
<4>kyoscand: client connected from 192.168.1.8:1064
<5>kyoscand: sent pc2kyo_data_0
<5>kyoscand: con_block_read received 6
<5>kyoscand: kyo2pc 0000:34 00 00 02 00 00  4....
<5>kyoscand: sent pc2kyo_data_1
<5>kyoscand: con_block_read received 540
<5>kyoscand: kyo2pc 0000:34 02 00 01 00 08 00 10 6B 79 6F 73 63 61 6E 00  4.......kyoscan
<5>kyoscand: kyo2pc 0010:4E 53 4E 5F 53 4B 41 4E 3A 00 00 00 00 00 00 00  NSN_SKAN:......
<5>kyoscand: kyo2pc 0020:00 00 00 00 00 00 00 00 00 00 00 00 00 00 00 00  ...............
<5>kyoscand: kyo2pc 0030:00 00 00 00 00 00 00 00 00 00 00 00 00 00 00 00  ...............
<5>kyoscand: kyo2pc 0040:00 00 00 00 00 00 00 00 00 00 00 00 00 00 00 00  ...............
<5>kyoscand: kyo2pc 0050:00 00 00 00 00 00 00 00 00 00 00 00 00 00 00 00  ...............
<5>kyoscand: kyo2pc 0060:00 00 00 00 00 00 00 00 00 00 00 00 00 00 00 00  ...............
<5>kyoscand: kyo2pc 0070:00 00 00 00 00 00 00 00 00 00 00 00 00 00 00 00  ...............
<5>kyoscand: kyo2pc 0080:00 00 00 00 00 00 00 00 00 00 00 00 00 00 00 00  ...............
<5>kyoscand: kyo2pc 0090:00 00 00 00 00 00 00 00 00 00 00 00 00 00 00 00  ...............
<5>kyoscand: kyo2pc 00a0:00 00 00 00 00 00 00 00 00 00 00 00 00 00 00 00  ...............
<5>kyoscand: kyo2pc 00b0:00 00 00 00 00 00 00 00 00 00 00 00 00 00 00 00  ...............
<5>kyoscand: kyo2pc 00c0:00 00 00 00 00 00 00 00 00 00 00 00 00 00 00 00  ...............
<5>kyoscand: kyo2pc 00d0:00 00 00 00 00 00 00 00 00 00 00 00 00 00 00 00  ...............
<5>kyoscand: kyo2pc 00e0:00 00 00 00 00 00 00 00 00 00 00 00 00 00 00 00  ...............
<5>kyoscand: kyo2pc 00f0:00 00 00 00 00 00 00 00 00 00 00 00 00 00 00 00  ...............
<5>kyoscand: kyo2pc 0100:00 00 00 00 00 00 00 00 00 00 00 00 00 00 00 00  ...............
<5>kyoscand: kyo2pc 0110:00 00 00 00 00 00 00 00 00 00 00 00 00 00 00 00  ...............
<5>kyoscand: kyo2pc 0120:00 00 00 00 00 00 00 00 00 00 00 00 00 00 00 00  ...............
<5>kyoscand: kyo2pc 0130:00 00 00 00 00 00 00 00 00 00 00 00 00 00 00 00  ...............
<5>kyoscand: kyo2pc 0140:00 00 00 00 00 00 00 00 00 00 00 00 00 00 00 00  ...............
<5>kyoscand: kyo2pc 0150:00 00 00 00 00 00 00 00 00 00 00 00 00 00 00 00  ...............
<5>kyoscand: kyo2pc 0160:00 00 00 00 00 00 00 00 00 00 00 00 00 00 00 00  ...............
<5>kyoscand: kyo2pc 0170:00 00 00 00 00 00 00 00 00 00 00 00 00 00 00 00  ...............
<5>kyoscand: kyo2pc 0180:00 00 00 00 00 00 00 00 00 00 00 00 00 00 00 00  ...............
<5>kyoscand: kyo2pc 0190:00 00 00 00 00 00 00 00 00 00 00 00 00 00 00 00  ...............
<5>kyoscand: kyo2pc 01a0:00 00 00 00 00 00 00 00 00 00 00 00 00 00 00 00  ...............
<5>kyoscand: kyo2pc 01b0:00 00 00 00 00 00 00 00 00 00 00 00 00 00 00 00  ...............
<5>kyoscand: kyo2pc 01c0:00 00 00 00 00 00 00 00 00 00 00 00 00 00 00 00  ...............
<5>kyoscand: kyo2pc 01d0:00 00 00 00 00 00 00 00 00 00 00 00 00 00 00 00  ...............
<5>kyoscand: kyo2pc 01e0:00 00 00 00 00 00 00 00 00 00 00 00 00 00 00 00  ...............
<5>kyoscand: kyo2pc 01f0:00 00 00 00 00 00 00 00 00 00 00 00 00 00 00 00  ...............
<5>kyoscand: kyo2pc 0200:00 00 00 00 00 00 00 00 00 00 00 00 00 00 00 00  ...............
<5>kyoscand: kyo2pc 0210:00 00 00 00 00 00 00 00 00 00 00 00  ...........
<5>kyoscand: selected destination 1
<5>kyoscand: sent pc2kyo_data_2
<5>kyoscand: con_block_read received 4
<5>kyoscand: kyo2pc 0000:36 01 FF F1  6..
<4>kyoscand: received disconnect mark
<3>kyoscand: kyoscan transfer finished with 0 result
<4>kyoscand: client connected from 192.168.1.8:1065
<5>kyoscand: sent pc2kyo_data_0
<5>kyoscand: con_block_read received 6
<5>kyoscand: kyo2pc 0000:34 00 00 02 00 00  4....
<5>kyoscand: sent pc2kyo_data_1
<5>kyoscand: con_block_read received 540
<5>kyoscand: kyo2pc 0000:34 02 00 20 00 08 00 10 6B 79 6F 73 63 61 6E 00  4.. ....kyoscan
<5>kyoscand: kyo2pc 0010:4E 53 4E 5F 53 4B 41 4E 3A 00 00 00 00 00 00 00  NSN_SKAN:......
<5>kyoscand: kyo2pc 0020:00 00 00 00 00 00 00 00 00 00 00 00 00 00 00 00  ...............
<5>kyoscand: kyo2pc 0030:00 00 00 00 00 00 00 00 00 00 00 00 00 00 00 00  ...............
<5>kyoscand: kyo2pc 0040:00 00 00 00 00 00 00 00 00 00 00 00 00 00 00 00  ...............
<5>kyoscand: kyo2pc 0050:00 00 00 00 00 00 00 00 00 00 00 00 00 00 00 00  ...............
<5>kyoscand: kyo2pc 0060:00 00 00 00 00 00 00 00 00 00 00 00 00 00 00 00  ...............
<5>kyoscand: kyo2pc 0070:00 00 00 00 00 00 00 00 00 00 00 00 00 00 00 00  ...............
<5>kyoscand: kyo2pc 0080:00 00 00 00 00 00 00 00 00 00 00 00 00 00 00 00  ...............
<5>kyoscand: kyo2pc 0090:00 00 00 00 00 00 00 00 00 00 00 00 00 00 00 00  ...............
<5>kyoscand: kyo2pc 00a0:00 00 00 00 00 00 00 00 00 00 00 00 00 00 00 00  ...............
<5>kyoscand: kyo2pc 00b0:00 00 00 00 00 00 00 00 00 00 00 00 00 00 00 00  ...............
<5>kyoscand: kyo2pc 00c0:00 00 00 00 00 00 00 00 00 00 00 00 00 00 00 00  ...............
<5>kyoscand: kyo2pc 00d0:00 00 00 00 00 00 00 00 00 00 00 00 00 00 00 00  ...............
<5>kyoscand: kyo2pc 00e0:00 00 00 00 00 00 00 00 00 00 00 00 00 00 00 00  ...............
<5>kyoscand: kyo2pc 00f0:00 00 00 00 00 00 00 00 00 00 00 00 00 00 00 00  ...............
<5>kyoscand: kyo2pc 0100:00 00 00 00 00 00 00 00 00 00 00 00 00 00 00 00  ...............
<5>kyoscand: kyo2pc 0110:00 00 00 00 00 00 00 00 00 00 00 00 00 00 00 00  ...............
<5>kyoscand: kyo2pc 0120:00 00 00 00 00 00 00 00 00 00 00 00 00 00 00 00  ...............
<5>kyoscand: kyo2pc 0130:00 00 00 00 00 00 00 00 00 00 00 00 00 00 00 00  ...............
<5>kyoscand: kyo2pc 0140:00 00 00 00 00 00 00 00 00 00 00 00 00 00 00 00  ...............
<5>kyoscand: kyo2pc 0150:00 00 00 00 00 00 00 00 00 00 00 00 00 00 00 00  ...............
<5>kyoscand: kyo2pc 0160:00 00 00 00 00 00 00 00 00 00 00 00 00 00 00 00  ...............
<5>kyoscand: kyo2pc 0170:00 00 00 00 00 00 00 00 00 00 00 00 00 00 00 00  ...............
<5>kyoscand: kyo2pc 0180:00 00 00 00 00 00 00 00 00 00 00 00 00 00 00 00  ...............
<5>kyoscand: kyo2pc 0190:00 00 00 00 00 00 00 00 00 00 00 00 00 00 00 00  ...............
<5>kyoscand: kyo2pc 01a0:00 00 00 00 00 00 00 00 00 00 00 00 00 00 00 00  ...............
<5>kyoscand: kyo2pc 01b0:00 00 00 00 00 00 00 00 00 00 00 00 00 00 00 00  ...............
<5>kyoscand: kyo2pc 01c0:00 00 00 00 00 00 00 00 00 00 00 00 00 00 00 00  ...............
<5>kyoscand: kyo2pc 01d0:00 00 00 00 00 00 00 00 00 00 00 00 00 00 00 00  ...............
<5>kyoscand: kyo2pc 01e0:00 00 00 00 00 00 00 00 00 00 00 00 00 00 00 00  ...............
<5>kyoscand: kyo2pc 01f0:00 00 00 00 00 00 00 00 00 00 00 00 00 00 00 00  ...............
<5>kyoscand: kyo2pc 0200:00 00 00 00 00 00 00 00 00 00 00 00 00 00 00 00  ...............
<5>kyoscand: kyo2pc 0210:00 00 00 00 00 00 00 00 00 00 00 00  ...........
<5>kyoscand: selected destination 32
<5>kyoscand: sent pc2kyo_data_2
<5>kyoscand: con_block_read received 4
<5>kyoscand: kyo2pc 0000:36 01 FF F1  6..
<4>kyoscand: received disconnect mark
<3>kyoscand: kyoscan transfer finished with 0 result
<4>kyoscand: client connected from 192.168.1.8:1066
<5>kyoscand: sent pc2kyo_data_0
<5>kyoscand: con_block_read received 6
<5>kyoscand: kyo2pc 0000:34 00 00 02 00 00  4....
<5>kyoscand: sent pc2kyo_data_1
<5>kyoscand: con_block_read received 540
<5>kyoscand: kyo2pc 0000:34 02 00 21 00 08 00 10 6B 79 6F 73 63 61 6E 00  4..!....kyoscan
<5>kyoscand: kyo2pc 0010:4E 53 4E 5F 53 4B 41 4E 3A 00 00 00 00 00 00 00  NSN_SKAN:......
<5>kyoscand: kyo2pc 0020:00 00 00 00 00 00 00 00 00 00 00 00 00 00 00 00  ...............
<5>kyoscand: kyo2pc 0030:00 00 00 00 00 00 00 00 00 00 00 00 00 00 00 00  ...............
<5>kyoscand: kyo2pc 0040:00 00 00 00 00 00 00 00 00 00 00 00 00 00 00 00  ...............
<5>kyoscand: kyo2pc 0050:00 00 00 00 00 00 00 00 00 00 00 00 00 00 00 00  ...............
<5>kyoscand: kyo2pc 0060:00 00 00 00 00 00 00 00 00 00 00 00 00 00 00 00  ...............
<5>kyoscand: kyo2pc 0070:00 00 00 00 00 00 00 00 00 00 00 00 00 00 00 00  ...............
<5>kyoscand: kyo2pc 0080:00 00 00 00 00 00 00 00 00 00 00 00 00 00 00 00  ...............
<5>kyoscand: kyo2pc 0090:00 00 00 00 00 00 00 00 00 00 00 00 00 00 00 00  ...............
<5>kyoscand: kyo2pc 00a0:00 00 00 00 00 00 00 00 00 00 00 00 00 00 00 00  ...............
<5>kyoscand: kyo2pc 00b0:00 00 00 00 00 00 00 00 00 00 00 00 00 00 00 00  ...............
<5>kyoscand: kyo2pc 00c0:00 00 00 00 00 00 00 00 00 00 00 00 00 00 00 00  ...............
<5>kyoscand: kyo2pc 00d0:00 00 00 00 00 00 00 00 00 00 00 00 00 00 00 00  ...............
<5>kyoscand: kyo2pc 00e0:00 00 00 00 00 00 00 00 00 00 00 00 00 00 00 00  ...............
<5>kyoscand: kyo2pc 00f0:00 00 00 00 00 00 00 00 00 00 00 00 00 00 00 00  ...............
<5>kyoscand: kyo2pc 0100:00 00 00 00 00 00 00 00 00 00 00 00 00 00 00 00  ...............
<5>kyoscand: kyo2pc 0110:00 00 00 00 00 00 00 00 00 00 00 00 00 00 00 00  ...............
<5>kyoscand: kyo2pc 0120:00 00 00 00 00 00 00 00 00 00 00 00 00 00 00 00  ...............
<5>kyoscand: kyo2pc 0130:00 00 00 00 00 00 00 00 00 00 00 00 00 00 00 00  ...............
<5>kyoscand: kyo2pc 0140:00 00 00 00 00 00 00 00 00 00 00 00 00 00 00 00  ...............
<5>kyoscand: kyo2pc 0150:00 00 00 00 00 00 00 00 00 00 00 00 00 00 00 00  ...............
<5>kyoscand: kyo2pc 0160:00 00 00 00 00 00 00 00 00 00 00 00 00 00 00 00  ...............
<5>kyoscand: kyo2pc 0170:00 00 00 00 00 00 00 00 00 00 00 00 00 00 00 00  ...............
<5>kyoscand: kyo2pc 0180:00 00 00 00 00 00 00 00 00 00 00 00 00 00 00 00  ...............
<5>kyoscand: kyo2pc 0190:00 00 00 00 00 00 00 00 00 00 00 00 00 00 00 00  ...............
<5>kyoscand: kyo2pc 01a0:00 00 00 00 00 00 00 00 00 00 00 00 00 00 00 00  ...............
<5>kyoscand: kyo2pc 01b0:00 00 00 00 00 00 00 00 00 00 00 00 00 00 00 00  ...............
<5>kyoscand: kyo2pc 01c0:00 00 00 00 00 00 00 00 00 00 00 00 00 00 00 00  ...............
<5>kyoscand: kyo2pc 01d0:00 00 00 00 00 00 00 00 00 00 00 00 00 00 00 00  ...............
<5>kyoscand: kyo2pc 01e0:00 00 00 00 00 00 00 00 00 00 00 00 00 00 00 00  ...............
<5>kyoscand: kyo2pc 01f0:00 00 00 00 00 00 00 00 00 00 00 00 00 00 00 00  ...............
<5>kyoscand: kyo2pc 0200:00 00 00 00 00 00 00 00 00 00 00 00 00 00 00 00  ...............
<5>kyoscand: kyo2pc 0210:00 00 00 00 00 00 00 00 00 00 00 00  ...........
<5>kyoscand: selected destination 33
<5>kyoscand: sent pc2kyo_data_2
<5>kyoscand: con_block_read received 4
<5>kyoscand: kyo2pc 0000:36 01 FF F1  6..
<4>kyoscand: received disconnect mark
<3>kyoscand: kyoscan transfer finished with 0 result
<4>kyoscand: client connected from 192.168.1.8:1067
<5>kyoscand: sent pc2kyo_data_0
<5>kyoscand: con_block_read received 6
<5>kyoscand: kyo2pc 0000:34 00 00 02 00 00  4....
<5>kyoscand: sent pc2kyo_data_1
<5>kyoscand: con_block_read received 540
<5>kyoscand: kyo2pc 0000:34 02 00 20 00 08 00 10 6B 79 6F 73 63 61 6E 00  4.. ....kyoscan
<5>kyoscand: kyo2pc 0010:4E 53 4E 5F 53 4B 41 4E 3A 6B 79 6F 73 63 61 6E  NSN_SKAN:kyosca
<5>kyoscand: kyo2pc 0020:00 00 00 00 00 00 00 00 00 00 00 00 00 00 00 00  ...............
<5>kyoscand: kyo2pc 0030:00 00 00 00 00 00 00 00 00 00 00 00 00 00 00 00  ...............
<5>kyoscand: kyo2pc 0040:00 00 00 00 00 00 00 00 00 00 00 00 00 00 00 00  ...............
<5>kyoscand: kyo2pc 0050:00 00 00 00 00 00 00 00 00 00 00 00 00 00 00 00  ...............
<5>kyoscand: kyo2pc 0060:00 00 00 00 00 00 00 00 00 00 00 00 00 00 00 00  ...............
<5>kyoscand: kyo2pc 0070:00 00 00 00 00 00 00 00 00 00 00 00 00 00 00 00  ...............
<5>kyoscand: kyo2pc 0080:00 00 00 00 00 00 00 00 00 00 00 00 00 00 00 00  ...............
<5>kyoscand: kyo2pc 0090:00 00 00 00 00 00 00 00 00 00 00 00 00 00 00 00  ...............
<5>kyoscand: kyo2pc 00a0:00 00 00 00 00 00 00 00 00 00 00 00 00 00 00 00  ...............
<5>kyoscand: kyo2pc 00b0:00 00 00 00 00 00 00 00 00 00 00 00 00 00 00 00  ...............
<5>kyoscand: kyo2pc 00c0:00 00 00 00 00 00 00 00 00 00 00 00 00 00 00 00  ...............
<5>kyoscand: kyo2pc 00d0:00 00 00 00 00 00 00 00 00 00 00 00 00 00 00 00  ...............
<5>kyoscand: kyo2pc 00e0:00 00 00 00 00 00 00 00 00 00 00 00 00 00 00 00  ...............
<5>kyoscand: kyo2pc 00f0:00 00 00 00 00 00 00 00 00 00 00 00 00 00 00 00  ...............
<5>kyoscand: kyo2pc 0100:00 00 00 00 00 00 00 00 00 00 00 00 00 00 00 00  ...............
<5>kyoscand: kyo2pc 0110:00 00 00 00 00 00 00 00 00 00 00 00 00 00 00 00  ...............
<5>kyoscand: kyo2pc 0120:00 00 00 00 00 00 00 00 00 00 00 00 00 00 00 00  ...............
<5>kyoscand: kyo2pc 0130:00 00 00 00 00 00 00 00 00 00 00 00 00 00 00 00  ...............
<5>kyoscand: kyo2pc 0140:00 00 00 00 00 00 00 00 00 00 00 00 00 00 00 00  ...............
<5>kyoscand: kyo2pc 0150:00 00 00 00 00 00 00 00 00 00 00 00 00 00 00 00  ...............
<5>kyoscand: kyo2pc 0160:00 00 00 00 00 00 00 00 00 00 00 00 00 00 00 00  ...............
<5>kyoscand: kyo2pc 0170:00 00 00 00 00 00 00 00 00 00 00 00 00 00 00 00  ...............
<5>kyoscand: kyo2pc 0180:00 00 00 00 00 00 00 00 00 00 00 00 00 00 00 00  ...............
<5>kyoscand: kyo2pc 0190:00 00 00 00 00 00 00 00 00 00 00 00 00 00 00 00  ...............
<5>kyoscand: kyo2pc 01a0:00 00 00 00 00 00 00 00 00 00 00 00 00 00 00 00  ...............
<5>kyoscand: kyo2pc 01b0:00 00 00 00 00 00 00 00 00 00 00 00 00 00 00 00  ...............
<5>kyoscand: kyo2pc 01c0:00 00 00 00 00 00 00 00 00 00 00 00 00 00 00 00  ...............
<5>kyoscand: kyo2pc 01d0:00 00 00 00 00 00 00 00 00 00 00 00 00 00 00 00  ...............
<5>kyoscand: kyo2pc 01e0:00 00 00 00 00 00 00 00 00 00 00 00 00 00 00 00  ...............
<5>kyoscand: kyo2pc 01f0:00 00 00 00 00 00 00 00 00 00 00 00 00 00 00 00  ...............
<5>kyoscand: kyo2pc 0200:00 00 00 00 00 00 00 00 00 00 00 00 00 00 00 00  ...............
<5>kyoscand: kyo2pc 0210:00 00 00 00 00 00 00 00 00 00 00 00  ...........
<5>kyoscand: selected destination 32
<5>kyoscand: sent pc2kyo_data_2
<5>kyoscand: con_block_read received 84
<5>kyoscand: kyo2pc 0000:30 01 00 01 00 00 FF FF FF FF 00 00 00 00 00 00  0..............
<5>kyoscand: kyo2pc 0010:00 00 00 00 00 00 00 00 00 00 00 00 00 00 00 00  ...............
<5>kyoscand: kyo2pc 0020:00 00 00 24 53 43 41 4E 30 30 34 32 5F 30 30 30  ...$SCAN0042_00
<5>kyoscand: kyo2pc 0030:2E 74 69 66 00 00 00 00 00 00 00 00 00 00 00 00  .tif...........
<5>kyoscand: kyo2pc 0040:00 00 00 00 00 00 00 00 00 00 00 00 00 00 00 00  ...............
<5>kyoscand: kyo2pc 0050:00 00 00 00  ...
<5>kyoscand: image data start
<4>kyoscand: receiving file /home/common/kyoscan/032/SCAN0042_000.tif
<5>kyoscand: con_block_read received 24576
<5>kyoscand: con_block_read received 24576
<5>kyoscand: con_block_read received 14711
<5>kyoscand: con_block_read received 4
<5>kyoscand: kyo2pc 0000:30 02 00 00  0..
<5>kyoscand: image data end
<5>kyoscand: con_block_read received 4
<5>kyoscand: kyo2pc 0000:30 05 77 1B  0.w
<5>kyoscand: sent pc2kyo_data_3
<5>kyoscand: con_block_read received 4
<5>kyoscand: kyo2pc 0000:30 03 00 00  0..
<5>kyoscand: sent pc2kyo_data_4
<4>kyoscand: communication finished
<3>kyoscand: kyoscan transfer finished with 0 result
<4>kyoscand: client connected from 192.168.1.8:1068
<5>kyoscand: sent pc2kyo_data_0
<5>kyoscand: con_block_read received 6
<5>kyoscand: kyo2pc 0000:34 00 00 02 00 00  4....
<5>kyoscand: sent pc2kyo_data_1
<5>kyoscand: con_block_read received 540
<5>kyoscand: kyo2pc 0000:34 02 00 21 00 08 00 10 6B 79 6F 73 63 61 6E 00  4..!....kyoscan
<5>kyoscand: kyo2pc 0010:4E 53 4E 5F 53 4B 41 4E 3A 6B 79 6F 73 63 61 6E  NSN_SKAN:kyosca
<5>kyoscand: kyo2pc 0020:00 00 00 00 00 00 00 00 00 00 00 00 00 00 00 00  ...............
<5>kyoscand: kyo2pc 0030:00 00 00 00 00 00 00 00 00 00 00 00 00 00 00 00  ...............
<5>kyoscand: kyo2pc 0040:00 00 00 00 00 00 00 00 00 00 00 00 00 00 00 00  ...............
<5>kyoscand: kyo2pc 0050:00 00 00 00 00 00 00 00 00 00 00 00 00 00 00 00  ...............
<5>kyoscand: kyo2pc 0060:00 00 00 00 00 00 00 00 00 00 00 00 00 00 00 00  ...............
<5>kyoscand: kyo2pc 0070:00 00 00 00 00 00 00 00 00 00 00 00 00 00 00 00  ...............
<5>kyoscand: kyo2pc 0080:00 00 00 00 00 00 00 00 00 00 00 00 00 00 00 00  ...............
<5>kyoscand: kyo2pc 0090:00 00 00 00 00 00 00 00 00 00 00 00 00 00 00 00  ...............
<5>kyoscand: kyo2pc 00a0:00 00 00 00 00 00 00 00 00 00 00 00 00 00 00 00  ...............
<5>kyoscand: kyo2pc 00b0:00 00 00 00 00 00 00 00 00 00 00 00 00 00 00 00  ...............
<5>kyoscand: kyo2pc 00c0:00 00 00 00 00 00 00 00 00 00 00 00 00 00 00 00  ...............
<5>kyoscand: kyo2pc 00d0:00 00 00 00 00 00 00 00 00 00 00 00 00 00 00 00  ...............
<5>kyoscand: kyo2pc 00e0:00 00 00 00 00 00 00 00 00 00 00 00 00 00 00 00  ...............
<5>kyoscand: kyo2pc 00f0:00 00 00 00 00 00 00 00 00 00 00 00 00 00 00 00  ...............
<5>kyoscand: kyo2pc 0100:00 00 00 00 00 00 00 00 00 00 00 00 00 00 00 00  ...............
<5>kyoscand: kyo2pc 0110:00 00 00 00 00 00 00 00 00 00 00 00 00 00 00 00  ...............
<5>kyoscand: kyo2pc 0120:00 00 00 00 00 00 00 00 00 00 00 00 00 00 00 00  ...............
<5>kyoscand: kyo2pc 0130:00 00 00 00 00 00 00 00 00 00 00 00 00 00 00 00  ...............
<5>kyoscand: kyo2pc 0140:00 00 00 00 00 00 00 00 00 00 00 00 00 00 00 00  ...............
<5>kyoscand: kyo2pc 0150:00 00 00 00 00 00 00 00 00 00 00 00 00 00 00 00  ...............
<5>kyoscand: kyo2pc 0160:00 00 00 00 00 00 00 00 00 00 00 00 00 00 00 00  ...............
<5>kyoscand: kyo2pc 0170:00 00 00 00 00 00 00 00 00 00 00 00 00 00 00 00  ...............
<5>kyoscand: kyo2pc 0180:00 00 00 00 00 00 00 00 00 00 00 00 00 00 00 00  ...............
<5>kyoscand: kyo2pc 0190:00 00 00 00 00 00 00 00 00 00 00 00 00 00 00 00  ...............
<5>kyoscand: kyo2pc 01a0:00 00 00 00 00 00 00 00 00 00 00 00 00 00 00 00  ...............
<5>kyoscand: kyo2pc 01b0:00 00 00 00 00 00 00 00 00 00 00 00 00 00 00 00  ...............
<5>kyoscand: kyo2pc 01c0:00 00 00 00 00 00 00 00 00 00 00 00 00 00 00 00  ...............
<5>kyoscand: kyo2pc 01d0:00 00 00 00 00 00 00 00 00 00 00 00 00 00 00 00  ...............
<5>kyoscand: kyo2pc 01e0:00 00 00 00 00 00 00 00 00 00 00 00 00 00 00 00  ...............
<5>kyoscand: kyo2pc 01f0:00 00 00 00 00 00 00 00 00 00 00 00 00 00 00 00  ...............
<5>kyoscand: kyo2pc 0200:00 00 00 00 00 00 00 00 00 00 00 00 00 00 00 00  ...............
<5>kyoscand: kyo2pc 0210:00 00 00 00 00 00 00 00 00 00 00 00  ...........
<5>kyoscand: selected destination 33
<5>kyoscand: sent pc2kyo_data_2
<5>kyoscand: con_block_read received 84
<5>kyoscand: kyo2pc 0000:30 01 00 01 00 00 FF FF FF FF 00 00 00 00 00 00  0..............
<5>kyoscand: kyo2pc 0010:00 00 00 00 00 00 00 00 00 00 00 00 00 00 00 00  ...............
<5>kyoscand: kyo2pc 0020:00 00 00 24 53 43 41 4E 30 30 34 32 5F 30 30 30  ...$SCAN0042_00
<5>kyoscand: kyo2pc 0030:2E 74 69 66 00 00 00 00 00 00 00 00 00 00 00 00  .tif...........
<5>kyoscand: kyo2pc 0040:00 00 00 00 00 00 00 00 00 00 00 00 00 00 00 00  ...............
<5>kyoscand: kyo2pc 0050:00 00 00 00  ...
<5>kyoscand: image data start
<4>kyoscand: receiving file /home/common/kyoscan/033/SCAN0042_000.tif
<5>kyoscand: con_block_read received 24576
<5>kyoscand: con_block_read received 24576
<5>kyoscand: con_block_read received 14711
<5>kyoscand: con_block_read received 4
<5>kyoscand: kyo2pc 0000:30 02 00 00  0..
<5>kyoscand: image data end
<5>kyoscand: con_block_read received 4
<5>kyoscand: kyo2pc 0000:30 05 77 1B  0.w
<5>kyoscand: sent pc2kyo_data_3
<5>kyoscand: con_block_read received 4
<5>kyoscand: kyo2pc 0000:30 03 00 00  0..
<5>kyoscand: sent pc2kyo_data_4
<4>kyoscand: communication finished
<3>kyoscand: kyoscan transfer finished with 0 result
